D:\test\CognizantDemo\CognizantDemo\wwwroot\js\lit-elements\warehouse-app\out-tsc\src\Elements\BootstrapCss.js
D:\test\CognizantDemo\CognizantDemo\wwwroot\js\lit-elements\warehouse-app\out-tsc\src\Elements\BootstrapCss.js.map
D:\test\CognizantDemo\CognizantDemo\wwwroot\js\lit-elements\warehouse-app\out-tsc\src\Models\WareHouse.js
D:\test\CognizantDemo\CognizantDemo\wwwroot\js\lit-elements\warehouse-app\out-tsc\src\Models\WareHouse.js.map
D:\test\CognizantDemo\CognizantDemo\wwwroot\js\lit-elements\warehouse-app\out-tsc\src\Models\Vehicle.js
D:\test\CognizantDemo\CognizantDemo\wwwroot\js\lit-elements\warehouse-app\out-tsc\src\Models\Vehicle.js.map
D:\test\CognizantDemo\CognizantDemo\wwwroot\js\lit-elements\warehouse-app\out-tsc\src\Store\Constants.js
D:\test\CognizantDemo\CognizantDemo\wwwroot\js\lit-elements\warehouse-app\out-tsc\src\Store\Constants.js.map
D:\test\CognizantDemo\CognizantDemo\wwwroot\js\lit-elements\warehouse-app\out-tsc\src\Services\HttpService.js
D:\test\CognizantDemo\CognizantDemo\wwwroot\js\lit-elements\warehouse-app\out-tsc\src\Services\HttpService.js.map
D:\test\CognizantDemo\CognizantDemo\wwwroot\js\lit-elements\warehouse-app\out-tsc\src\Controllers\CarController.js
D:\test\CognizantDemo\CognizantDemo\wwwroot\js\lit-elements\warehouse-app\out-tsc\src\Controllers\CarController.js.map
D:\test\CognizantDemo\CognizantDemo\wwwroot\js\lit-elements\warehouse-app\out-tsc\src\Store\Store.js
D:\test\CognizantDemo\CognizantDemo\wwwroot\js\lit-elements\warehouse-app\out-tsc\src\Store\Store.js.map
D:\test\CognizantDemo\CognizantDemo\wwwroot\js\lit-elements\warehouse-app\out-tsc\src\Elements\StylesForModal.js
D:\test\CognizantDemo\CognizantDemo\wwwroot\js\lit-elements\warehouse-app\out-tsc\src\Elements\StylesForModal.js.map
D:\test\CognizantDemo\CognizantDemo\wwwroot\js\lit-elements\warehouse-app\out-tsc\src\Elements\Modal.js
D:\test\CognizantDemo\CognizantDemo\wwwroot\js\lit-elements\warehouse-app\out-tsc\src\Elements\Modal.js.map
D:\test\CognizantDemo\CognizantDemo\wwwroot\js\lit-elements\warehouse-app\out-tsc\src\Elements\CarTableTemplates.js
D:\test\CognizantDemo\CognizantDemo\wwwroot\js\lit-elements\warehouse-app\out-tsc\src\Elements\CarTableTemplates.js.map
D:\test\CognizantDemo\CognizantDemo\wwwroot\js\lit-elements\warehouse-app\out-tsc\src\Components\Shoppingcard.js
D:\test\CognizantDemo\CognizantDemo\wwwroot\js\lit-elements\warehouse-app\out-tsc\src\Components\Shoppingcard.js.map
D:\test\CognizantDemo\CognizantDemo\wwwroot\js\lit-elements\warehouse-app\out-tsc\src\WarehouseApp.js
D:\test\CognizantDemo\CognizantDemo\wwwroot\js\lit-elements\warehouse-app\out-tsc\src\WarehouseApp.js.map
D:\test\CognizantDemo\CognizantDemo\wwwroot\js\lit-elements\warehouse-app\out-tsc\src\Components\CarList.js
D:\test\CognizantDemo\CognizantDemo\wwwroot\js\lit-elements\warehouse-app\out-tsc\src\Components\CarList.js.map
D:\test\CognizantDemo\CognizantDemo\wwwroot\js\lit-elements\warehouse-app\out-tsc\src\Components\CarDetail.js
D:\test\CognizantDemo\CognizantDemo\wwwroot\js\lit-elements\warehouse-app\out-tsc\src\Components\CarDetail.js.map
D:\test\CognizantDemo\CognizantDemo\wwwroot\js\lit-elements\warehouse-app\out-tsc\src\Routes\Routes.js
D:\test\CognizantDemo\CognizantDemo\wwwroot\js\lit-elements\warehouse-app\out-tsc\src\Routes\Routes.js.map
D:\test\CognizantDemo\CognizantDemo\wwwroot\js\lit-elements\warehouse-app\out-tsc\src\warehouse-app.js
D:\test\CognizantDemo\CognizantDemo\wwwroot\js\lit-elements\warehouse-app\out-tsc\src\warehouse-app.js.map
D:\test\CognizantDemo\CognizantDemo\wwwroot\js\lit-elements\warehouse-app\out-tsc\tsconfig.tsbuildinfo
